<?xml version="1.0" encoding="UTF-8"?>
<!-- Generated by org.testng.reporters.JUnitReportReporter -->
<testsuite hostname="DESKTOP-TRRM22Q" failures="0" tests="7" name="tests.Test27" time="11.901" errors="0" timestamp="2023-10-09T19:25:40 IST" skipped="0">
  <testcase classname="tests.Test27" name="createUser" time="5.031">
    <system-out>
      <![CDATA[Sucessfully created new User]]>
    </system-out>
  </testcase> <!-- createUser -->
  <testcase classname="tests.Test27" name="generateToken" time="1.192">
    <system-out>
      <![CDATA[Sucessfully generateToken]]>
    </system-out>
  </testcase> <!-- generateToken -->
  <testcase classname="tests.Test27" name="verifyUser" time="1.209">
    <system-out>
      <![CDATA[true
Sucessfully Authorized]]>
    </system-out>
  </testcase> <!-- verifyUser -->
  <testcase classname="tests.Test27" name="addBook" time="1.305">
    <system-out>
      <![CDATA[Successfully a book is added to user]]>
    </system-out>
  </testcase> <!-- addBook -->
  <testcase classname="tests.Test27" name="updateBook" time="0.933">
    <system-out>
      <![CDATA[Successful updation of a book to user]]>
    </system-out>
  </testcase> <!-- updateBook -->
  <testcase classname="tests.Test27" name="deleteBook" time="1.219">
    <system-out>
      <![CDATA[Successful deleted a book ]]>
    </system-out>
  </testcase> <!-- deleteBook -->
  <testcase classname="tests.Test27" name="deleteUser" time="1.012">
    <system-out>
      <![CDATA[Successful deletion of user]]>
    </system-out>
  </testcase> <!-- deleteUser -->
  <system-out>
    <![CDATA[Sucessfully created new User
Sucessfully generateToken
true
Sucessfully Authorized
Successfully a book is added to user
Successful updation of a book to user
Successful deleted a book 
Successful deletion of user]]>
  </system-out>
</testsuite> <!-- tests.Test27 -->
