<?xml version="1.0" encoding="UTF-8"?>
<!-- Generated by org.testng.reporters.JUnitReportReporter -->
<testsuite hostname="DESKTOP-TRRM22Q" failures="0" tests="5" name="tests.Test24" time="8.849" errors="0" timestamp="2023-10-08T17:43:38 IST" skipped="0">
  <testcase classname="tests.Test24" name="createUser" time="5.270">
    <system-out>
      <![CDATA[Sucessful creation of new user]]>
    </system-out>
  </testcase> <!-- createUser -->
  <testcase classname="tests.Test24" name="generateToken" time="1.051">
    <system-out>
      <![CDATA[Sucessfully Generate Token]]>
    </system-out>
  </testcase> <!-- generateToken -->
  <testcase classname="tests.Test24" name="verifyUser" time="0.627">
    <system-out>
      <![CDATA[true
User is authorized to do further tasks]]>
    </system-out>
  </testcase> <!-- verifyUser -->
  <testcase classname="tests.Test24" name="getUser" time="1.118">
    <system-out>
      <![CDATA[Successful get user details]]>
    </system-out>
  </testcase> <!-- getUser -->
  <testcase classname="tests.Test24" name="deleteUser" time="0.783">
    <system-out>
      <![CDATA[Successful deletion of user]]>
    </system-out>
  </testcase> <!-- deleteUser -->
  <system-out>
    <![CDATA[Sucessful creation of new user
Sucessfully Generate Token
true
User is authorized to do further tasks
Successful get user details
Successful deletion of user]]>
  </system-out>
</testsuite> <!-- tests.Test24 -->
