<?xml version="1.0" encoding="UTF-8"?>
<!-- Generated by org.testng.reporters.JUnitReportReporter -->
<testsuite hostname="DESKTOP-TRRM22Q" failures="0" tests="6" name="tests.Test26" time="10.395" errors="0" timestamp="2023-10-09T18:36:52 IST" skipped="0">
  <testcase classname="tests.Test26" name="createUser" time="4.533">
    <system-out>
      <![CDATA[Sucessfully new User Created]]>
    </system-out>
  </testcase> <!-- createUser -->
  <testcase classname="tests.Test26" name="generateToken" time="1.394">
    <system-out>
      <![CDATA[Sucessfully generate token]]>
    </system-out>
  </testcase> <!-- generateToken -->
  <testcase classname="tests.Test26" name="verifyUser" time="1.162">
    <system-out>
      <![CDATA[true
Sucessfully Autherized ]]>
    </system-out>
  </testcase> <!-- verifyUser -->
  <testcase classname="tests.Test26" name="addBook" time="1.041">
    <system-out>
      <![CDATA[Successfully a book is added to user]]>
    </system-out>
  </testcase> <!-- addBook -->
  <testcase classname="tests.Test26" name="getbook" time="1.310">
    <system-out>
      <![CDATA[Designing Evolvable Web APIs with ASP.NET]]>
    </system-out>
  </testcase> <!-- getbook -->
  <testcase classname="tests.Test26" name="deleteUser" time="0.955">
    <system-out>
      <![CDATA[Successful deletion of user]]>
    </system-out>
  </testcase> <!-- deleteUser -->
  <system-out>
    <![CDATA[Sucessfully new User Created
Sucessfully generate token
true
Sucessfully Autherized 
Successfully a book is added to user
Designing Evolvable Web APIs with ASP.NET
Successful deletion of user]]>
  </system-out>
</testsuite> <!-- tests.Test26 -->
