<?xml version="1.0" encoding="UTF-8"?>
<!-- Generated by org.testng.reporters.JUnitReportReporter -->
<testsuite hostname="DESKTOP-TRRM22Q" failures="0" tests="5" name="tests.Test25" time="8.031" errors="0" timestamp="2023-10-08T18:03:06 IST" skipped="0">
  <testcase classname="tests.Test25" name="createUser" time="4.764">
    <system-out>
      <![CDATA[Sucessful of new User creation]]>
    </system-out>
  </testcase> <!-- createUser -->
  <testcase classname="tests.Test25" name="generateToken" time="1.085">
    <system-out>
      <![CDATA[Sucessfully Generate Token]]>
    </system-out>
  </testcase> <!-- generateToken -->
  <testcase classname="tests.Test25" name="verifyUser" time="0.743">
    <system-out>
      <![CDATA[true
Sucessfully Autherized]]>
    </system-out>
  </testcase> <!-- verifyUser -->
  <testcase classname="tests.Test25" name="getAllBooksinStore" time="0.714">
    <system-out>
      <![CDATA[Books are available in sore]]>
    </system-out>
  </testcase> <!-- getAllBooksinStore -->
  <testcase classname="tests.Test25" name="deleteUser" time="0.725">
    <system-out>
      <![CDATA[Successful deletion of user]]>
    </system-out>
  </testcase> <!-- deleteUser -->
  <system-out>
    <![CDATA[Sucessful of new User creation
Sucessfully Generate Token
true
Sucessfully Autherized
Books are available in sore
Successful deletion of user]]>
  </system-out>
</testsuite> <!-- tests.Test25 -->
