<?xml version="1.0" encoding="UTF-8"?>
<!-- Generated by org.testng.reporters.JUnitReportReporter -->
<testsuite hostname="DESKTOP-TRRM22Q" failures="0" tests="8" name="tests.Test29" time="45.898" errors="0" timestamp="2023-10-10T12:49:38 IST" skipped="0">
  <testcase classname="tests.Test29" name="getAllBooksInStore" time="6.276">
    <system-out>
      <![CDATA[books are available in store]]>
    </system-out>
  </testcase> <!-- getAllBooksInStore -->
  <testcase classname="tests.Test29" name="createUser" time="1.945">
    <system-out>
      <![CDATA[Sucessfull Creating new User]]>
    </system-out>
  </testcase> <!-- createUser -->
  <testcase classname="tests.Test29" name="generateToken" time="2.015">
    <system-out>
      <![CDATA[Sucessfully generatetoken]]>
    </system-out>
  </testcase> <!-- generateToken -->
  <testcase classname="tests.Test29" name="verifyUser" time="1.165">
    <system-out>
      <![CDATA[true
User is authorized to do further tasks]]>
    </system-out>
  </testcase> <!-- verifyUser -->
  <testcase classname="tests.Test29" name="addBooks" time="15.357">
    <system-out>
      <![CDATA[Successful addition of books to user
Successful addition of books to user
Successful addition of books to user
Successful addition of books to user
Successful addition of books to user
Successful addition of books to user
Successful addition of books to user
Successful addition of books to user]]>
    </system-out>
  </testcase> <!-- addBooks -->
  <testcase classname="tests.Test29" name="getBooks" time="14.474">
    <system-out>
      <![CDATA[Git Pocket Guide<br/>
Learning JavaScript Design Patterns<br/>
Designing Evolvable Web APIs with ASP.NET<br/>
Speaking JavaScript<br/>
You Don't Know JS<br/>
Programming JavaScript Applications<br/>
Eloquent JavaScript, Second Edition<br/>
Understanding ECMAScript 6<br/>]]>
    </system-out>
  </testcase> <!-- getBooks -->
  <testcase classname="tests.Test29" name="deleteBooks" time="2.211">
    <system-out>
      <![CDATA[Successful deletion of user]]>
    </system-out>
  </testcase> <!-- deleteBooks -->
  <testcase classname="tests.Test29" name="deleteuser" time="2.455">
    <system-out>
      <![CDATA[Successful deletion of user]]>
    </system-out>
  </testcase> <!-- deleteuser -->
  <system-out>
    <![CDATA[books are available in store
Sucessfull Creating new User
Sucessfully generatetoken
true
User is authorized to do further tasks
Successful addition of books to user
Successful addition of books to user
Successful addition of books to user
Successful addition of books to user
Successful addition of books to user
Successful addition of books to user
Successful addition of books to user
Successful addition of books to user
Git Pocket Guide<br/>
Learning JavaScript Design Patterns<br/>
Designing Evolvable Web APIs with ASP.NET<br/>
Speaking JavaScript<br/>
You Don't Know JS<br/>
Programming JavaScript Applications<br/>
Eloquent JavaScript, Second Edition<br/>
Understanding ECMAScript 6<br/>
Successful deletion of user
Successful deletion of user]]>
  </system-out>
</testsuite> <!-- tests.Test29 -->
