<?xml version="1.0" encoding="UTF-8"?>
<!-- Generated by org.testng.reporters.JUnitReportReporter -->
<testsuite hostname="DESKTOP-TRRM22Q" failures="0" tests="8" name="tests.Test28" time="29.770" errors="0" timestamp="2023-10-09T19:41:31 IST" skipped="0">
  <testcase classname="tests.Test28" name="getAllBooksInStore" time="4.742">
    <system-out>
      <![CDATA[Books are available in Store]]>
    </system-out>
  </testcase> <!-- getAllBooksInStore -->
  <testcase classname="tests.Test28" name="createUser" time="1.169">
    <system-out>
      <![CDATA[Successful creation of new user]]>
    </system-out>
  </testcase> <!-- createUser -->
  <testcase classname="tests.Test28" name="generateToken" time="1.807">
    <system-out>
      <![CDATA[Successful creation of token]]>
    </system-out>
  </testcase> <!-- generateToken -->
  <testcase classname="tests.Test28" name="verifyUser" time="0.834">
    <system-out>
      <![CDATA[true
User is authorized to do further tasks]]>
    </system-out>
  </testcase> <!-- verifyUser -->
  <testcase classname="tests.Test28" name="addBooks" time="9.350">
    <system-out>
      <![CDATA[Successful addition of books to user]]>
    </system-out>
  </testcase> <!-- addBooks -->
  <testcase classname="tests.Test28" name="getBooks" time="9.248">
    <system-out>
      <![CDATA[Git Pocket Guide<br/>
Learning JavaScript Design Patterns<br/>
Designing Evolvable Web APIs with ASP.NET<br/>
Speaking JavaScript<br/>
You Don't Know JS<br/>
Programming JavaScript Applications<br/>
Eloquent JavaScript, Second Edition<br/>
Understanding ECMAScript 6<br/>]]>
    </system-out>
  </testcase> <!-- getBooks -->
  <testcase classname="tests.Test28" name="deleteBooks" time="1.395">
    <system-out>
      <![CDATA[Successful deletion of book from user]]>
    </system-out>
  </testcase> <!-- deleteBooks -->
  <testcase classname="tests.Test28" name="deleteUser" time="1.225">
    <system-out>
      <![CDATA[Successful deletion of user]]>
    </system-out>
  </testcase> <!-- deleteUser -->
  <system-out>
    <![CDATA[Books are available in Store
Successful creation of new user
Successful creation of token
true
User is authorized to do further tasks
Successful addition of books to user
Git Pocket Guide<br/>
Learning JavaScript Design Patterns<br/>
Designing Evolvable Web APIs with ASP.NET<br/>
Speaking JavaScript<br/>
You Don't Know JS<br/>
Programming JavaScript Applications<br/>
Eloquent JavaScript, Second Edition<br/>
Understanding ECMAScript 6<br/>
Successful deletion of book from user
Successful deletion of user]]>
  </system-out>
</testsuite> <!-- tests.Test28 -->
